Traceback (most recent call last):
  File "/home/corrin/miniconda3/envs/book/lib/python3.8/site-packages/jupyter_cache/executors/utils.py", line 51, in single_nb_execution
    executenb(
  File "/home/corrin/miniconda3/envs/book/lib/python3.8/site-packages/nbclient/client.py", line 1204, in execute
    return NotebookClient(nb=nb, resources=resources, km=km, **kwargs).execute()
  File "/home/corrin/miniconda3/envs/book/lib/python3.8/site-packages/nbclient/util.py", line 84, in wrapped
    return just_run(coro(*args, **kwargs))
  File "/home/corrin/miniconda3/envs/book/lib/python3.8/site-packages/nbclient/util.py", line 62, in just_run
    return loop.run_until_complete(coro)
  File "/home/corrin/miniconda3/envs/book/lib/python3.8/asyncio/base_events.py", line 616, in run_until_complete
    return future.result()
  File "/home/corrin/miniconda3/envs/book/lib/python3.8/site-packages/nbclient/client.py", line 663, in async_execute
    await self.async_execute_cell(
  File "/home/corrin/miniconda3/envs/book/lib/python3.8/site-packages/nbclient/client.py", line 965, in async_execute_cell
    await self._check_raise_for_error(cell, cell_index, exec_reply)
  File "/home/corrin/miniconda3/envs/book/lib/python3.8/site-packages/nbclient/client.py", line 862, in _check_raise_for_error
    raise CellExecutionError.from_cell_and_msg(cell, exec_reply_content)
nbclient.exceptions.CellExecutionError: An error occurred while executing the following cell:
------------------
# optional nice visualization
long_demographics <- gather(demographics, Source, Percentage, -group)

# create bar plot, for the proprtion of each group, with fill = type
ggplot(long_demographics, aes( x = group, y = Percentage, fill = Source )) + 
    geom_col( position='dodge') +
    scale_fill_brewer(palette="Paired") +
    labs(title = "Demographics Side by Side") +
    theme_classic(base_size = 18)
------------------

Error in gather(demographics, Source, Percentage, -group): could not find function "gather"
Traceback:

ERROR: Error in gather(demographics, Source, Percentage, -group): could not find function "gather"


